<?xml version="1.0" encoding="UTF-8"?>
<testng-results ignored="0" total="1" passed="1" failed="0" skipped="0">
  <reporter-output>
    <line>
      <![CDATA[------------running verifyUserID Test case-------------]]>
    </line>
  </reporter-output>
  <suite started-at="2022-07-23T15:43:30 IST" name="Default suite" finished-at="2022-07-23T15:43:38 IST" duration-ms="8049">
    <groups>
    </groups>
    <test started-at="2022-07-23T15:43:30 IST" name="Default test" finished-at="2022-07-23T15:43:38 IST" duration-ms="8049">
      <class name="POM_DDF_TestNG_BaseClass_UtilityClass.KiteLoginTest">
        <test-method is-config="true" signature="OpenBrowser()[pri:0, instance:POM_DDF_TestNG_BaseClass_UtilityClass.KiteLoginTest@793be5ca]" started-at="2022-07-23T15:43:30 IST" name="OpenBrowser" finished-at="2022-07-23T15:43:32 IST" duration-ms="1852" status="PASS">
          <reporter-output>
          </reporter-output>
        </test-method> <!-- OpenBrowser -->
        <test-method is-config="true" signature="LogininApp()[pri:0, instance:POM_DDF_TestNG_BaseClass_UtilityClass.KiteLoginTest@793be5ca]" started-at="2022-07-23T15:43:32 IST" name="LogininApp" finished-at="2022-07-23T15:43:32 IST" duration-ms="387" status="PASS">
          <reporter-output>
          </reporter-output>
        </test-method> <!-- LogininApp -->
        <test-method signature="VerifyUserID()[pri:0, instance:POM_DDF_TestNG_BaseClass_UtilityClass.KiteLoginTest@793be5ca]" started-at="2022-07-23T15:43:32 IST" name="VerifyUserID" finished-at="2022-07-23T15:43:33 IST" duration-ms="760" status="PASS">
          <reporter-output>
            <line>
              <![CDATA[------------running verifyUserID Test case-------------]]>
            </line>
          </reporter-output>
        </test-method> <!-- VerifyUserID -->
        <test-method is-config="true" signature="LogoutFromApp(org.testng.ITestResult)[pri:0, instance:POM_DDF_TestNG_BaseClass_UtilityClass.KiteLoginTest@793be5ca]" started-at="2022-07-23T15:43:33 IST" name="LogoutFromApp" finished-at="2022-07-23T15:43:33 IST" duration-ms="3" status="PASS">
          <params>
            <param index="0">
              <value>
                <![CDATA[[TestResult name=VerifyUserID status=SUCCESS method=KiteLoginTest.VerifyUserID()[pri:0, instance:POM_DDF_TestNG_BaseClass_UtilityClass.KiteLoginTest@793be5ca] output=------------running verifyUserID Test case-------------]]]>
              </value>
            </param>
          </params>
          <reporter-output>
          </reporter-output>
        </test-method> <!-- LogoutFromApp -->
        <test-method is-config="true" signature="Closebrowser()[pri:0, instance:POM_DDF_TestNG_BaseClass_UtilityClass.KiteLoginTest@793be5ca]" started-at="2022-07-23T15:43:33 IST" name="Closebrowser" finished-at="2022-07-23T15:43:38 IST" duration-ms="5011" status="PASS">
          <reporter-output>
          </reporter-output>
        </test-method> <!-- Closebrowser -->
      </class> <!-- POM_DDF_TestNG_BaseClass_UtilityClass.KiteLoginTest -->
    </test> <!-- Default test -->
  </suite> <!-- Default suite -->
</testng-results>
